0 verbose cli C:\Program Files\nodejs\node.exe C:\Program Files\nodejs\node_modules\npm\bin\npm-cli.js
1 info using npm@9.5.1
2 info using node@v18.16.0
3 timing npm:load:whichnode Completed in 4ms
4 timing config:load:defaults Completed in 7ms
5 timing config:load:file:C:\Program Files\nodejs\node_modules\npm\npmrc Completed in 6ms
6 timing config:load:builtin Completed in 6ms
7 timing config:load:cli Completed in 6ms
8 warn config tmp This setting is no longer used.  npm stores temporary files in a special
8 warn config location in the cache, and they are managed by
8 warn config     [`cacache`](http://npm.im/cacache).
9 timing config:load:env Completed in 2ms
10 timing config:load:file:C:\Users\harpr\OneDrive\Desktop\NFT-Art-Chain-main\.npmrc Completed in 1ms
11 timing config:load:project Completed in 9ms
12 timing config:load:file:C:\Users\harpr\.npmrc Completed in 0ms
13 timing config:load:user Completed in 2ms
14 timing config:load:file:C:\Users\harpr\OneDrive\Desktop\NFT-Art-Chain-main\npm\etc\npmrc Completed in 1ms
15 timing config:load:global Completed in 1ms
16 timing config:load:setEnvs Completed in 6ms
17 timing config:load Completed in 39ms
18 timing npm:load:configload Completed in 40ms
19 timing npm:load:mkdirpcache Completed in 2ms
20 timing npm:load:mkdirplogs Completed in 1ms
21 verbose title npm install
22 verbose argv "install"
23 timing npm:load:setTitle Completed in 4ms
24 timing config:load:flatten Completed in 10ms
25 timing npm:load:display Completed in 17ms
26 verbose logfile logs-max:10 dir:C:\Users\harpr\OneDrive\Desktop\NFT-Art-Chain-main\npm\cache\_logs\2023-05-13T20_49_42_955Z-
27 verbose logfile C:\Users\harpr\OneDrive\Desktop\NFT-Art-Chain-main\npm\cache\_logs\2023-05-13T20_49_42_955Z-debug-0.log
28 timing npm:load:logFile Completed in 30ms
29 timing npm:load:timers Completed in 0ms
30 timing npm:load:configScope Completed in 0ms
31 timing npm:load Completed in 99ms
32 timing config:load:flatten Completed in 3ms
33 timing arborist:ctor Completed in 4ms
34 silly logfile done cleaning log files
35 timing idealTree:init Completed in 35ms
36 timing idealTree:userRequests Completed in 1ms
37 silly idealTree buildDeps
38 timing idealTree:#root Completed in 0ms
39 timing idealTree:buildDeps Completed in 5ms
40 timing idealTree:fixDepFlags Completed in 1ms
41 timing idealTree Completed in 45ms
42 timing reify:loadTrees Completed in 51ms
43 timing reify:diffTrees Completed in 2ms
44 silly reify moves {}
45 timing reify:retireShallow Completed in 3ms
46 timing reify:createSparse Completed in 0ms
47 timing reify:loadBundles Completed in 0ms
48 timing reify:unpack Completed in 0ms
49 timing reify:unretire Completed in 0ms
50 timing build:queue Completed in 0ms
51 timing build:deps Completed in 1ms
52 timing build Completed in 1ms
53 timing reify:build Completed in 3ms
54 timing reify:trash Completed in 0ms
55 timing reify:save Completed in 6ms
56 timing reify Completed in 89ms
57 timing command:install Completed in 103ms
58 verbose stack Error: ENOENT: no such file or directory, open 'C:\Users\harpr\OneDrive\Desktop\NFT-Art-Chain-main\package.json'
59 verbose cwd C:\Users\harpr\OneDrive\Desktop\NFT-Art-Chain-main
60 verbose Windows_NT 10.0.22621
61 verbose node v18.16.0
62 verbose npm  v9.5.1
63 error code ENOENT
64 error syscall open
65 error path C:\Users\harpr\OneDrive\Desktop\NFT-Art-Chain-main/package.json
66 error errno -4058
67 error enoent ENOENT: no such file or directory, open 'C:\Users\harpr\OneDrive\Desktop\NFT-Art-Chain-main\package.json'
68 error enoent This is related to npm not being able to find a file.
68 error enoent
69 verbose exit -4058
70 timing npm Completed in 296ms
71 verbose code -4058
72 error A complete log of this run can be found in:
72 error     C:\Users\harpr\OneDrive\Desktop\NFT-Art-Chain-main\npm\cache\_logs\2023-05-13T20_49_42_955Z-debug-0.log
