0 verbose cli C:\Program Files\nodejs\node.exe C:\Program Files\nodejs\node_modules\npm\bin\npm-cli.js
1 info using npm@9.5.1
2 info using node@v18.16.0
3 timing npm:load:whichnode Completed in 16ms
4 timing config:load:defaults Completed in 6ms
5 timing config:load:file:C:\Program Files\nodejs\node_modules\npm\npmrc Completed in 10ms
6 timing config:load:builtin Completed in 10ms
7 timing config:load:cli Completed in 8ms
8 warn config tmp This setting is no longer used.  npm stores temporary files in a special
8 warn config location in the cache, and they are managed by
8 warn config     [`cacache`](http://npm.im/cacache).
9 timing config:load:env Completed in 4ms
10 timing config:load:project Completed in 7ms
11 timing config:load:file:C:\Users\harpr\.npmrc Completed in 1ms
12 timing config:load:user Completed in 2ms
13 timing config:load:file:C:\Users\harpr\OneDrive\Desktop\NFT-Art-Chain-main\npm\etc\npmrc Completed in 0ms
14 timing config:load:global Completed in 1ms
15 timing config:load:setEnvs Completed in 2ms
16 timing config:load Completed in 43ms
17 timing npm:load:configload Completed in 44ms
18 timing npm:load:mkdirpcache Completed in 2ms
19 timing npm:load:mkdirplogs Completed in 1ms
20 verbose title npm prefix
21 verbose argv "prefix" "--global"
22 timing npm:load:setTitle Completed in 4ms
23 timing config:load:flatten Completed in 9ms
24 timing npm:load:display Completed in 15ms
25 verbose logfile logs-max:10 dir:C:\Users\harpr\OneDrive\Desktop\NFT-Art-Chain-main\npm\cache\_logs\2023-05-13T20_48_25_713Z-
26 verbose logfile C:\Users\harpr\OneDrive\Desktop\NFT-Art-Chain-main\npm\cache\_logs\2023-05-13T20_48_25_713Z-debug-0.log
27 timing npm:load:logFile Completed in 23ms
28 timing npm:load:timers Completed in 1ms
29 timing npm:load:configScope Completed in 0ms
30 timing npm:load Completed in 108ms
31 timing command:prefix Completed in 3ms
32 verbose exit 0
33 timing npm Completed in 149ms
34 info ok
